<?xml version="1.0" encoding="UTF-8"?>
<!-- Generated by org.testng.reporters.JUnitReportReporter -->
<testsuite hostname="SAISMARTY-PC" failures="0" tests="1" name="com.crudoperations.CRUD_Methods" time="8.609" errors="0" timestamp="2022-11-03T23:26:44 IST" skipped="0">
  <testcase classname="com.crudoperations.CRUD_Methods" name="CallingCRUDMethods" time="8.609"/>
  <system-out/>
</testsuite> <!-- com.crudoperations.CRUD_Methods -->
